2025-07-15 14:02:39,792 - Self-destruct sequence triggered. Deleting sensitive files...
2025-07-15 14:07:39,961 - Self-destruct sequence triggered. Deleting sensitive files...
2025-07-15 14:10:47,475 - Self-destruct sequence triggered after 3 failed attempts.
2025-07-15 14:12:34,819 - Self-destruct sequence triggered after 3 failed attempts.
2025-07-15 14:16:19,078 - Self-destruct sequence triggered after 3 failed attempts.
2025-07-21 19:49:26,899 - Self-destruct sequence triggered after 3 failed attempts.
2025-07-21 19:49:26,915 - Moved diary to backup location: D:\Games\20250721_194926_encrypted_diary.txt
2025-07-21 19:50:58,825 - Self-destruct sequence triggered after 3 failed attempts.
2025-07-21 19:50:58,828 - File Deleted.
2025-07-21 19:51:32,397 - Self-destruct sequence triggered after 3 failed attempts.
2025-07-21 19:51:32,398 - Diary file not found during self-destruct.
2025-07-21 19:51:47,812 - Self-destruct sequence triggered after 3 failed attempts.
2025-07-21 19:51:48,147 - File Deleted.
2025-07-21 19:53:22,699 - Self-destruct sequence triggered after 3 failed attempts.
2025-07-21 19:53:22,700 - Diary file not found during self-destruct.
2025-07-21 19:53:38,080 - Self-destruct sequence triggered after 3 failed attempts.
2025-07-21 19:53:38,083 - Moved diary to backup location: D:\Games\20250721_195338_encrypted_diary.txt
2025-07-21 19:57:11,388 - Self-destruct sequence triggered after 3 failed attempts.
2025-07-21 19:57:11,391 - Moved diary to backup location: D:\Games\20250721_195711_encrypted_diary.txt
2025-07-21 22:30:34,315 - Diary moved after 3 failed attempts.
2025-07-23 13:44:35,980 - Diary moved after 3 failed attempts to D:/Games/encrypted_diary_20250723-134435.txt
2025-08-13 22:49:34,544 - Diary moved after 3 failed attempts to D:/Games/encrypted_diary_20250813-224934.txt
2025-08-13 22:51:05,030 - Diary moved after 3 failed attempts to D:/Games/encrypted_diary_20250813-225105.txt
2025-08-13 22:52:08,323 - Diary moved after 3 failed attempts to D:/Games/encrypted_diary_20250813-225208.txt
